<?xml version="1.0" encoding="utf-8"?>
<test-run id="2" name="Microsoft.Dnx.Loader.dll" fullname="C:/Users/tenowg/.dnx/runtimes/dnx-clr-win-x86.1.0.0-rc1-update1/bin/Microsoft.Dnx.Loader.dll" testcasecount="4" result="Passed" start-time="2016-01-21 06:40:20Z" end-time="2016-01-21 06:40:44Z" duration="23.720216" total="4" passed="4" failed="0" inconclusive="0" skipped="0" asserts="0" random-seed="458412457">
  <command-line><![CDATA["C:\Users\tenowg\.dnx\runtimes\dnx-clr-win-x86.1.0.0-rc1-update1\bin\dnx.exe"  --appbase "G:\Libraries\DemgelRedis.AzureTables\src\DemgelRedis.AzureTables.Tests" "Microsoft.Dnx.ApplicationHost"  --configuration Debug "test" -wait]]></command-line>
  <filter />
  <test-suite type="Assembly" id="1005" name="Microsoft.Dnx.Loader.dll" fullname="C:/Users/tenowg/.dnx/runtimes/dnx-clr-win-x86.1.0.0-rc1-update1/bin/Microsoft.Dnx.Loader.dll" runstate="Runnable" testcasecount="4" result="Passed" start-time="2016-01-21 06:40:20Z" end-time="2016-01-21 06:40:44Z" duration="23.720216" total="4" passed="4" failed="0" inconclusive="0" skipped="0" asserts="0">
    <environment framework-version="3.0.5813.39031" clr-version="4.0.30319.42000" os-version="Microsoft Windows NT 10.0.10240.0" platform="Win32NT" cwd="G:\Libraries\DemgelRedis.AzureTables\src\DemgelRedis.AzureTables.Tests" machine-name="TENOWG-PC" user="tenowg" user-domain="TENOWG-PC" culture="en-US" uiculture="en-US" os-architecture="x86" />
    <settings>
      <setting name="WorkDirectory" value="G:\Libraries\DemgelRedis.AzureTables\src\DemgelRedis.AzureTables.Tests" />
      <setting name="NumberOfTestWorkers" value="8" />
    </settings>
    <properties>
      <property name="_PID" value="44272" />
      <property name="_APPDOMAIN" value="DefaultDomain" />
    </properties>
    <test-suite type="TestSuite" id="1006" name="DemgelRedis" fullname="DemgelRedis" runstate="Runnable" testcasecount="4" result="Passed" start-time="2016-01-21 06:40:20Z" end-time="2016-01-21 06:40:44Z" duration="23.705726" total="4" passed="4" failed="0" inconclusive="0" skipped="0" asserts="0">
      <test-suite type="TestSuite" id="1007" name="AzureTables" fullname="DemgelRedis.AzureTables" runstate="Runnable" testcasecount="4" result="Passed" start-time="2016-01-21 06:40:20Z" end-time="2016-01-21 06:40:44Z" duration="23.705589" total="4" passed="4" failed="0" inconclusive="0" skipped="0" asserts="0">
        <test-suite type="TestSuite" id="1008" name="Tests" fullname="DemgelRedis.AzureTables.Tests" runstate="Runnable" testcasecount="4" result="Passed" start-time="2016-01-21 06:40:20Z" end-time="2016-01-21 06:40:44Z" duration="23.705544" total="4" passed="4" failed="0" inconclusive="0" skipped="0" asserts="0">
          <test-suite type="TestFixture" id="1000" name="TableRedisBackupTests" fullname="DemgelRedis.AzureTables.Tests.TableRedisBackupTests" classname="DemgelRedis.AzureTables.Tests.TableRedisBackupTests" runstate="Runnable" testcasecount="4" result="Passed" start-time="2016-01-21 06:40:20Z" end-time="2016-01-21 06:40:44Z" duration="23.703621" total="4" passed="4" failed="0" inconclusive="0" skipped="0" asserts="0">
            <test-case id="1002" name="AddSetItemTests" fullname="DemgelRedis.AzureTables.Tests.TableRedisBackupTests.AddSetItemTests" methodname="AddSetItemTests" classname="DemgelRedis.AzureTables.Tests.TableRedisBackupTests" runstate="Runnable" seed="202129304" result="Passed" start-time="2016-01-21 06:40:21Z" end-time="2016-01-21 06:40:22Z" duration="0.611936" asserts="0" />
            <test-case id="1003" name="DeleteSetTest" fullname="DemgelRedis.AzureTables.Tests.TableRedisBackupTests.DeleteSetTest" methodname="DeleteSetTest" classname="DemgelRedis.AzureTables.Tests.TableRedisBackupTests" runstate="Runnable" seed="575529885" result="Passed" start-time="2016-01-21 06:40:22Z" end-time="2016-01-21 06:40:22Z" duration="0.194626" asserts="0" />
            <test-case id="1004" name="RestoreSetTest" fullname="DemgelRedis.AzureTables.Tests.TableRedisBackupTests.RestoreSetTest" methodname="RestoreSetTest" classname="DemgelRedis.AzureTables.Tests.TableRedisBackupTests" runstate="Runnable" seed="17143493" result="Passed" start-time="2016-01-21 06:40:22Z" end-time="2016-01-21 06:40:44Z" duration="21.576325" asserts="0" />
            <test-case id="1001" name="UpdateHashTest" fullname="DemgelRedis.AzureTables.Tests.TableRedisBackupTests.UpdateHashTest" methodname="UpdateHashTest" classname="DemgelRedis.AzureTables.Tests.TableRedisBackupTests" runstate="Runnable" seed="798259755" result="Passed" start-time="2016-01-21 06:40:44Z" end-time="2016-01-21 06:40:44Z" duration="0.394651" asserts="0" />
          </test-suite>
        </test-suite>
      </test-suite>
    </test-suite>
  </test-suite>
</test-run>